<?xml version="1.0" encoding="UTF-8"?>
<!-- Generated by org.testng.reporters.JUnitReportReporter -->
<testsuite skipped="0" hostname="LAPTOP-O6TUN65H" name="day6.ExtentReportTest" tests="1" failures="0" timestamp="03 Mar 2022 12:51:32 GMT" time="2.847" errors="0">
  <testcase name="LoginTC" time="2.847" classname="day6.ExtentReportTest"/>
</testsuite> <!-- day6.ExtentReportTest -->
