<?xml version="1.0" encoding="UTF-8"?>
<!-- Generated by org.testng.reporters.JUnitReportReporter -->
<testsuite skipped="0" hostname="LAPTOP-O6TUN65H" name="Assignments.NewTestNG1" tests="1" failures="0" timestamp="03 Mar 2022 03:33:04 GMT" time="0.131" errors="0">
  <testcase name="Testcase1" time="0.131" classname="Assignments.NewTestNG1"/>
</testsuite> <!-- Assignments.NewTestNG1 -->
