<?xml version="1.0" encoding="UTF-8"?>
<!-- Generated by org.testng.reporters.JUnitReportReporter -->
<testsuite skipped="0" hostname="LAPTOP-O6TUN65H" name="day5.DataProviderWithInput" tests="4" failures="0" timestamp="02 Mar 2022 11:16:49 GMT" time="63.505" errors="0">
  <testcase name="LoginTest" time="15.650" classname="day5.DataProviderWithInput"/>
  <testcase name="LoginTest" time="14.538" classname="day5.DataProviderWithInput"/>
  <testcase name="LoginTest" time="18.725" classname="day5.DataProviderWithInput"/>
  <testcase name="LoginTest" time="14.592" classname="day5.DataProviderWithInput"/>
</testsuite> <!-- day5.DataProviderWithInput -->
