<?xml version="1.0" encoding="UTF-8"?>
<!-- Generated by org.testng.reporters.JUnitReportReporter -->
<testsuite skipped="1" hostname="LAPTOP-O6TUN65H" name="day5.TestNGExercise2" tests="2" failures="0" timestamp="02 Mar 2022 09:47:05 GMT" time="3.488" errors="0">
  <testcase name="LoginTC" time="3.488" classname="day5.TestNGExercise2"/>
  <testcase name="FlightSearchTC" classname="day5.TestNGExercise2">
    <skipped/>
  </testcase> <!-- FlightSearchTC -->
</testsuite> <!-- day5.TestNGExercise2 -->
