<?xml version="1.0" encoding="UTF-8"?>
<!-- Generated by org.testng.reporters.JUnitReportReporter -->
<testsuite skipped="0" hostname="LAPTOP-O6TUN65H" name="day7.ParallelTestExecution" tests="1" failures="0" timestamp="04 Mar 2022 15:41:30 GMT" time="11.375" errors="0">
  <testcase name="f" time="11.375" classname="day7.ParallelTestExecution"/>
</testsuite> <!-- day7.ParallelTestExecution -->
