<?xml version="1.0" encoding="UTF-8"?>
<!-- Generated by org.testng.reporters.JUnitReportReporter -->
<testsuite skipped="0" hostname="LAPTOP-O6TUN65H" name="day5.TestNGExercise1" tests="2" failures="0" timestamp="02 Mar 2022 09:47:05 GMT" time="0.029" errors="0">
  <testcase name="Testcase2" time="0.008" classname="day5.TestNGExercise1"/>
  <testcase name="Testcase1" time="0.021" classname="day5.TestNGExercise1"/>
</testsuite> <!-- day5.TestNGExercise1 -->
